<?xml version="1.0" encoding="UTF-8"?>
<testsuite name="com.qaulitymeasurment.QualityTest" tests="1" skipped="0" failures="0" errors="0" timestamp="2019-12-17T08:06:20" hostname="admin142-desktop" time="0.001">
  <properties/>
  <testcase name="givenZeroFeetAndZeroFeet_ShouldReturnTrue" classname="com.qaulitymeasurment.QualityTest" time="0.001"/>
  <system-out><![CDATA[]]></system-out>
  <system-err><![CDATA[]]></system-err>
</testsuite>
